<?xml version="1.0" encoding="UTF-8"?>
<!-- Generated by org.testng.reporters.JUnitXMLReporter -->
<testsuite hostname="A1ML19734" name="Ebay" tests="1" failures="0" timestamp="3 Apr 2018 04:50:40 GMT" time="0.022" errors="0">
  <testcase name="@BeforeSuite setup" time="0.0" classname="ebay.testcases.LoginScreenTest">
    <failure type="java.io.FileNotFoundException" message="file.properties (The system cannot find the file specified)">
      <![CDATA[java.io.FileNotFoundException: file.properties (The system cannot find the file specified)
	at java.io.FileInputStream.open0(Native Method)
	at java.io.FileInputStream.open(Unknown Source)
	at java.io.FileInputStream.<init>(Unknown Source)
	at java.io.FileInputStream.<init>(Unknown Source)
	at ebay.testcases.Base.setup(Base.java:33)
... Removed 19 stack frames]]>
    </failure>
  </testcase> <!-- @BeforeSuite setup -->
  <testcase name="toVerifyLoginScreen" time="0.0" classname="ebay.testcases.LoginScreenTest">
    <skipped/>
  </testcase> <!-- toVerifyLoginScreen -->
</testsuite> <!-- Ebay -->
